modules/broadcast-service/android/build/intermediates/manifest_merge_blame_file/debug/processDebugManifest/manifest-merger-blame-debug-report.txt
1<?xml version="1.0" encoding="utf-8"?>
2<manifest xmlns:android="http://schemas.android.com/apk/res/android"
3    package="com.khanqah.broadcastservice" >
4
5    <uses-sdk android:minSdkVersion="24" />
6
7    <uses-permission android:name="android.permission.RECORD_AUDIO" />
7-->src/main/AndroidManifest.xml:2:3-69
7-->src/main/AndroidManifest.xml:2:20-66
8    <uses-permission android:name="android.permission.FOREGROUND_SERVICE" />
8-->src/main/AndroidManifest.xml:3:3-75
8-->src/main/AndroidManifest.xml:3:20-72
9    <uses-permission android:name="android.permission.FOREGROUND_SERVICE_MICROPHONE" />
9-->src/main/AndroidManifest.xml:4:3-86
9-->src/main/AndroidManifest.xml:4:20-83
10    <uses-permission android:name="android.permission.POST_NOTIFICATIONS" />
10-->src/main/AndroidManifest.xml:5:3-75
10-->src/main/AndroidManifest.xml:5:20-72
11    <uses-permission android:name="android.permission.WAKE_LOCK" />
11-->src/main/AndroidManifest.xml:6:3-66
11-->src/main/AndroidManifest.xml:6:20-63
12
13    <application>
13-->src/main/AndroidManifest.xml:8:3-13:17
14        <service
14-->src/main/AndroidManifest.xml:9:5-12:34
15            android:name="com.khanqah.broadcastservice.BroadcastForegroundService"
15-->src/main/AndroidManifest.xml:10:7-49
16            android:exported="false"
16-->src/main/AndroidManifest.xml:12:7-31
17            android:foregroundServiceType="microphone" />
17-->src/main/AndroidManifest.xml:11:7-49
18    </application>
19
20</manifest>